\BOOKMARK [1][-]{section.1}{\376\377\000I\000n\000t\000r\000o\000d\000u\000c\000t\000i\000o\000n}{}% 1
\BOOKMARK [1][-]{section.2}{\376\377\000H\000i\000g\000h\000-\000P\000r\000o\000b\000a\000b\000i\000l\000i\000t\000y\000\040\000C\000o\000n\000v\000e\000r\000s\000i\000o\000n\000\040\000T\000e\000c\000h\000n\000i\000q\000u\000e\000s}{}% 2
\BOOKMARK [2][-]{subsection.2.1}{\376\377\000T\000e\000c\000h\000n\000i\000q\000u\000e\000\040\0001\000:\000\040\000A\000l\000g\000e\000b\000r\000a\000i\000c\000\040\000S\000u\000b\000s\000t\000i\000t\000u\000t\000i\000o\000n}{section.2}% 3
\BOOKMARK [2][-]{subsection.2.2}{\376\377\000T\000e\000c\000h\000n\000i\000q\000u\000e\000\040\0002\000:\000\040\000C\000o\000o\000r\000d\000i\000n\000a\000t\000e\000\040\000G\000e\000o\000m\000e\000t\000r\000y\000\040\000C\000o\000n\000v\000e\000r\000s\000i\000o\000n}{section.2}% 4
\BOOKMARK [2][-]{subsection.2.3}{\376\377\000T\000e\000c\000h\000n\000i\000q\000u\000e\000\040\0003\000:\000\040\000C\000a\000s\000e\000\040\000A\000n\000a\000l\000y\000s\000i\000s}{section.2}% 5
\BOOKMARK [2][-]{subsection.2.4}{\376\377\000T\000e\000c\000h\000n\000i\000q\000u\000e\000\040\0004\000:\000\040\000S\000y\000m\000m\000e\000t\000r\000y\000\040\000E\000x\000p\000l\000o\000i\000t\000a\000t\000i\000o\000n}{section.2}% 6
\BOOKMARK [2][-]{subsection.2.5}{\376\377\000T\000e\000c\000h\000n\000i\000q\000u\000e\000\040\0005\000:\000\040\000S\000i\000m\000o\000n\000'\000s\000\040\000F\000a\000v\000o\000r\000i\000t\000e\000\040\000F\000a\000c\000t\000o\000r\000i\000n\000g\000\040\000T\000r\000i\000c\000k\000\040\000\050\000S\000F\000F\000T\000\051}{section.2}% 7
\BOOKMARK [2][-]{subsection.2.6}{\376\377\000T\000e\000c\000h\000n\000i\000q\000u\000e\000\040\0006\000:\000\040\000P\000i\000g\000e\000o\000n\000h\000o\000l\000e\000\040\000P\000r\000i\000n\000c\000i\000p\000l\000e}{section.2}% 8
\BOOKMARK [2][-]{subsection.2.7}{\376\377\000T\000e\000c\000h\000n\000i\000q\000u\000e\000\040\0007\000:\000\040\000A\000M\000-\000G\000M\000\040\000I\000n\000e\000q\000u\000a\000l\000i\000t\000y}{section.2}% 9
\BOOKMARK [2][-]{subsection.2.8}{\376\377\000T\000e\000c\000h\000n\000i\000q\000u\000e\000\040\0008\000:\000\040\000C\000o\000m\000p\000l\000e\000t\000i\000n\000g\000\040\000t\000h\000e\000\040\000S\000q\000u\000a\000r\000e}{section.2}% 10
\BOOKMARK [2][-]{subsection.2.9}{\376\377\000T\000e\000c\000h\000n\000i\000q\000u\000e\000\040\0009\000:\000\040\000B\000a\000s\000e\000\040\000a\000n\000d\000\040\000D\000i\000g\000i\000t\000\040\000C\000o\000n\000v\000e\000r\000s\000i\000o\000n\000s}{section.2}% 11
\BOOKMARK [2][-]{subsection.2.10}{\376\377\000T\000e\000c\000h\000n\000i\000q\000u\000e\000\040\0001\0000\000:\000\040\000A\000n\000g\000l\000e\000\040\000B\000i\000s\000e\000c\000t\000o\000r\000\040\000T\000h\000e\000o\000r\000e\000m}{section.2}% 12
\BOOKMARK [2][-]{subsection.2.11}{\376\377\000T\000e\000c\000h\000n\000i\000q\000u\000e\000\040\0001\0001\000:\000\040\000L\000i\000n\000e\000a\000r\000i\000t\000y\000\040\000o\000f\000\040\000E\000x\000p\000e\000c\000t\000a\000t\000i\000o\000n}{section.2}% 13
\BOOKMARK [2][-]{subsection.2.12}{\376\377\000T\000e\000c\000h\000n\000i\000q\000u\000e\000\040\0001\0002\000:\000\040\000B\000i\000j\000e\000c\000t\000i\000o\000n\000\040\000P\000r\000i\000n\000c\000i\000p\000l\000e}{section.2}% 14
\BOOKMARK [2][-]{subsection.2.13}{\376\377\000T\000e\000c\000h\000n\000i\000q\000u\000e\000\040\0001\0003\000:\000\040\000C\000h\000a\000r\000a\000c\000t\000e\000r\000i\000s\000t\000i\000c\000\040\000E\000q\000u\000a\000t\000i\000o\000n\000s\000\040\000-\000\040\000L\000i\000n\000e\000a\000r\000\040\000R\000e\000c\000u\000r\000r\000e\000n\000c\000e\000s}{section.2}% 15
\BOOKMARK [2][-]{subsection.2.14}{\376\377\000T\000e\000c\000h\000n\000i\000q\000u\000e\000\040\0001\0004\000:\000\040\000E\000u\000l\000e\000r\000'\000s\000\040\000T\000o\000t\000i\000e\000n\000t\000\040\000F\000u\000n\000c\000t\000i\000o\000n}{section.2}% 16
\BOOKMARK [2][-]{subsection.2.15}{\376\377\000T\000e\000c\000h\000n\000i\000q\000u\000e\000\040\0001\0005\000:\000\040\000R\000e\000a\000r\000r\000a\000n\000g\000e\000m\000e\000n\000t\000\040\000I\000n\000e\000q\000u\000a\000l\000i\000t\000y}{section.2}% 17
\BOOKMARK [2][-]{subsection.2.16}{\376\377\000T\000e\000c\000h\000n\000i\000q\000u\000e\000\040\0001\0006\000:\000\040\000V\000i\000e\000t\000a\000'\000s\000\040\000F\000o\000r\000m\000u\000l\000a\000s}{section.2}% 18
\BOOKMARK [2][-]{subsection.2.17}{\376\377\000T\000e\000c\000h\000n\000i\000q\000u\000e\000\040\0001\0007\000:\000\040\000G\000e\000o\000m\000e\000t\000r\000i\000c\000\040\000P\000r\000o\000b\000a\000b\000i\000l\000i\000t\000y}{section.2}% 19
\BOOKMARK [2][-]{subsection.2.18}{\376\377\000T\000e\000c\000h\000n\000i\000q\000u\000e\000\040\0001\0008\000:\000\040\000C\000o\000m\000p\000l\000e\000x\000\040\000N\000u\000m\000b\000e\000r\000\040\000C\000o\000n\000v\000e\000r\000s\000i\000o\000n}{section.2}% 20
\BOOKMARK [2][-]{subsection.2.19}{\376\377\000T\000e\000c\000h\000n\000i\000q\000u\000e\000\040\0001\0009\000:\000\040\000M\000o\000d\000u\000l\000a\000r\000\040\000A\000r\000i\000t\000h\000m\000e\000t\000i\000c}{section.2}% 21
\BOOKMARK [2][-]{subsection.2.20}{\376\377\000T\000e\000c\000h\000n\000i\000q\000u\000e\000\040\0002\0000\000:\000\040\000F\000e\000r\000m\000a\000t\000'\000s\000\040\000L\000i\000t\000t\000l\000e\000\040\000T\000h\000e\000o\000r\000e\000m}{section.2}% 22
\BOOKMARK [2][-]{subsection.2.21}{\376\377\000T\000e\000c\000h\000n\000i\000q\000u\000e\000\040\0002\0001\000:\000\040\000I\000n\000c\000l\000u\000s\000i\000o\000n\000-\000E\000x\000c\000l\000u\000s\000i\000o\000n\000\040\000P\000r\000i\000n\000c\000i\000p\000l\000e}{section.2}% 23
\BOOKMARK [2][-]{subsection.2.22}{\376\377\000T\000e\000c\000h\000n\000i\000q\000u\000e\000\040\0002\0002\000:\000\040\000C\000a\000u\000c\000h\000y\000-\000S\000c\000h\000w\000a\000r\000z\000\040\000I\000n\000e\000q\000u\000a\000l\000i\000t\000y}{section.2}% 24
\BOOKMARK [2][-]{subsection.2.23}{\376\377\000T\000e\000c\000h\000n\000i\000q\000u\000e\000\040\0002\0003\000:\000\040\000P\000o\000w\000e\000r\000\040\000o\000f\000\040\000a\000\040\000P\000o\000i\000n\000t}{section.2}% 25
\BOOKMARK [2][-]{subsection.2.24}{\376\377\000T\000e\000c\000h\000n\000i\000q\000u\000e\000\040\000M\0001\000:\000\040\000S\000t\000a\000r\000s\000\040\000a\000n\000d\000\040\000B\000a\000r\000s}{section.2}% 26
\BOOKMARK [2][-]{subsection.2.25}{\376\377\000T\000e\000c\000h\000n\000i\000q\000u\000e\000\040\000M\0003\000:\000\040\000S\000h\000o\000e\000l\000a\000c\000e\000\040\000F\000o\000r\000m\000u\000l\000a}{section.2}% 27
\BOOKMARK [2][-]{subsection.2.26}{\376\377\000T\000e\000c\000h\000n\000i\000q\000u\000e\000\040\000M\0009\000:\000\040\000T\000r\000i\000a\000n\000g\000l\000e\000\040\000T\000r\000i\000g\000o\000n\000o\000m\000e\000t\000r\000y\000\040\000\050\000L\000a\000w\000\040\000o\000f\000\040\000C\000o\000s\000i\000n\000e\000s\000\040\000a\000n\000d\000\040\000S\000i\000n\000e\000s\000\051}{section.2}% 28
\BOOKMARK [2][-]{subsection.2.27}{\376\377\000T\000e\000c\000h\000n\000i\000q\000u\000e\000\040\000M\0001\0001\000:\000\040\000C\000i\000r\000c\000l\000e\000\040\000T\000a\000n\000g\000e\000n\000c\000y\000\040\000a\000n\000d\000\040\000A\000n\000g\000l\000e\000\040\000T\000o\000o\000l\000k\000i\000t}{section.2}% 29
\BOOKMARK [2][-]{subsection.2.28}{\376\377\000T\000e\000c\000h\000n\000i\000q\000u\000e\000\040\000M\0001\0002\000:\000\040\000D\000i\000s\000c\000r\000i\000m\000i\000n\000a\000n\000t\000\040\000T\000e\000c\000h\000n\000i\000q\000u\000e\000s}{section.2}% 30
\BOOKMARK [2][-]{subsection.2.29}{\376\377\000T\000e\000c\000h\000n\000i\000q\000u\000e\000\040\000M\0001\0003\000:\000\040\000L\000o\000g\000a\000r\000i\000t\000h\000m\000\040\000I\000d\000e\000n\000t\000i\000t\000i\000e\000s}{section.2}% 31
\BOOKMARK [2][-]{subsection.2.30}{\376\377\000T\000e\000c\000h\000n\000i\000q\000u\000e\000\040\000M\0001\0004\000:\000\040\000C\000o\000m\000p\000l\000e\000m\000e\000n\000t\000a\000r\000y\000\040\000C\000o\000u\000n\000t\000i\000n\000g}{section.2}% 32
\BOOKMARK [2][-]{subsection.2.31}{\376\377\000T\000e\000c\000h\000n\000i\000q\000u\000e\000\040\000M\0002\0007\000:\000\040\000G\000e\000o\000m\000e\000t\000r\000i\000c\000\040\000R\000e\000s\000t\000a\000r\000t\000\040\000R\000e\000c\000u\000r\000s\000i\000o\000n}{section.2}% 33
\BOOKMARK [3][-]{subsubsection.2.31.1}{\376\377\000C\000o\000m\000m\000o\000n\000\040\000M\000i\000s\000t\000a\000k\000e\000s\000\040\000a\000n\000d\000\040\000W\000h\000e\000n\000\040\000N\000O\000T\000\040\000t\000o\000\040\000U\000s\000e\000\040\000T\000h\000i\000s\000\040\000T\000e\000c\000h\000n\000i\000q\000u\000e}{subsection.2.31}% 34
\BOOKMARK [3][-]{subsubsection.2.31.2}{\376\377\000V\000e\000r\000i\000f\000i\000c\000a\000t\000i\000o\000n\000\040\000M\000e\000t\000h\000o\000d\000s}{subsection.2.31}% 35
\BOOKMARK [3][-]{subsubsection.2.31.3}{\376\377\000E\000d\000g\000e\000\040\000C\000a\000s\000e\000s\000\040\000a\000n\000d\000\040\000B\000o\000u\000n\000d\000a\000r\000y\000\040\000C\000o\000n\000d\000i\000t\000i\000o\000n\000s}{subsection.2.31}% 36
\BOOKMARK [2][-]{subsection.2.32}{\376\377\000T\000e\000c\000h\000n\000i\000q\000u\000e\000\040\000M\0003\0009\000:\000\040\000G\000e\000o\000m\000e\000t\000r\000i\000c\000\040\000I\000n\000v\000e\000r\000s\000i\000o\000n}{section.2}% 37
\BOOKMARK [2][-]{subsection.2.33}{\376\377\000T\000e\000c\000h\000n\000i\000q\000u\000e\000\040\000M\0004\0000\000:\000\040\000A\000p\000p\000r\000o\000x\000i\000m\000a\000t\000i\000o\000n\000\040\000a\000n\000d\000\040\000E\000s\000t\000i\000m\000a\000t\000i\000o\000n}{section.2}% 38
\BOOKMARK [2][-]{subsection.2.34}{\376\377\000T\000e\000c\000h\000n\000i\000q\000u\000e\000\040\000M\0004\0001\000:\000\040\000P\000a\000t\000t\000e\000r\000n\000\040\000I\000n\000d\000u\000c\000t\000i\000o\000n\000\040\000f\000r\000o\000m\000\040\000S\000m\000a\000l\000l\000\040\000C\000a\000s\000e\000s}{section.2}% 39
\BOOKMARK [1][-]{section.3}{\376\377\000M\000e\000d\000i\000u\000m\000-\000P\000r\000o\000b\000a\000b\000i\000l\000i\000t\000y\000\040\000C\000o\000n\000v\000e\000r\000s\000i\000o\000n\000\040\000T\000e\000c\000h\000n\000i\000q\000u\000e\000s}{}% 40
\BOOKMARK [2][-]{subsection.3.1}{\376\377\000T\000e\000c\000h\000n\000i\000q\000u\000e\000\040\000M\0002\000:\000\040\000B\000u\000r\000n\000s\000i\000d\000e\000'\000s\000\040\000L\000e\000m\000m\000a\000\040\000\050\000P\000\363\000l\000y\000a\000\040\000C\000o\000u\000n\000t\000i\000n\000g\000\051}{section.3}% 41
\BOOKMARK [2][-]{subsection.3.2}{\376\377\000T\000e\000c\000h\000n\000i\000q\000u\000e\000\040\000M\0004\000:\000\040\000P\000i\000c\000k\000'\000s\000\040\000T\000h\000e\000o\000r\000e\000m}{section.3}% 42
\BOOKMARK [2][-]{subsection.3.3}{\376\377\000T\000e\000c\000h\000n\000i\000q\000u\000e\000\040\000M\0005\000:\000\040\000F\000r\000o\000b\000e\000n\000i\000u\000s\000/\000M\000c\000N\000u\000g\000g\000e\000t\000\040\000\050\000T\000w\000o\000\040\000D\000e\000n\000o\000m\000i\000n\000a\000t\000i\000o\000n\000s\000\051}{section.3}% 43
\BOOKMARK [2][-]{subsection.3.4}{\376\377\000T\000e\000c\000h\000n\000i\000q\000u\000e\000\040\000M\0006\000:\000\040\000E\000x\000t\000e\000n\000d\000e\000d\000\040\000E\000u\000c\000l\000i\000d\000e\000a\000n\000\040\000A\000l\000g\000o\000r\000i\000t\000h\000m}{section.3}% 44
\BOOKMARK [2][-]{subsection.3.5}{\376\377\000T\000e\000c\000h\000n\000i\000q\000u\000e\000\040\000M\0007\000:\000\040\000P\000t\000o\000l\000e\000m\000y\000'\000s\000\040\000T\000h\000e\000o\000r\000e\000m\000\040\000\050\000C\000y\000c\000l\000i\000c\000\040\000Q\000u\000a\000d\000r\000i\000l\000a\000t\000e\000r\000a\000l\000s\000\051}{section.3}% 45
\BOOKMARK [2][-]{subsection.3.6}{\376\377\000T\000e\000c\000h\000n\000i\000q\000u\000e\000\040\000M\0008\000:\000\040\000D\000o\000u\000b\000l\000e\000\040\000C\000o\000u\000n\000t\000i\000n\000g}{section.3}% 46
\BOOKMARK [2][-]{subsection.3.7}{\376\377\000T\000e\000c\000h\000n\000i\000q\000u\000e\000\040\0002\0004\000:\000\040\000T\000r\000i\000g\000o\000n\000o\000m\000e\000t\000r\000i\000c\000\040\000S\000u\000b\000s\000t\000i\000t\000u\000t\000i\000o\000n}{section.3}% 47
\BOOKMARK [2][-]{subsection.3.8}{\376\377\000T\000e\000c\000h\000n\000i\000q\000u\000e\000\040\0002\0005\000:\000\040\000G\000e\000n\000e\000r\000a\000t\000i\000n\000g\000\040\000F\000u\000n\000c\000t\000i\000o\000n\000s}{section.3}% 48
\BOOKMARK [2][-]{subsection.3.9}{\376\377\000T\000e\000c\000h\000n\000i\000q\000u\000e\000\040\0002\0006\000:\000\040\000I\000n\000v\000a\000r\000i\000a\000n\000t\000s\000\040\000a\000n\000d\000\040\000M\000o\000n\000o\000v\000a\000r\000i\000a\000n\000t\000s}{section.3}% 49
\BOOKMARK [2][-]{subsection.3.10}{\376\377\000T\000e\000c\000h\000n\000i\000q\000u\000e\000\040\0002\0007\000:\000\040\000P\000o\000w\000e\000r\000-\000S\000u\000m\000\040\000R\000e\000c\000u\000r\000r\000e\000n\000c\000e\000s}{section.3}% 50
\BOOKMARK [2][-]{subsection.3.11}{\376\377\000T\000e\000c\000h\000n\000i\000q\000u\000e\000\040\0002\0008\000:\000\040\000D\000e\000r\000a\000n\000g\000e\000m\000e\000n\000t\000s}{section.3}% 51
\BOOKMARK [2][-]{subsection.3.12}{\376\377\000T\000e\000c\000h\000n\000i\000q\000u\000e\000\040\0002\0009\000:\000\040\000T\000e\000l\000e\000s\000c\000o\000p\000i\000n\000g\000\040\000S\000e\000r\000i\000e\000s}{section.3}% 52
\BOOKMARK [2][-]{subsection.3.13}{\376\377\000T\000e\000c\000h\000n\000i\000q\000u\000e\000\040\0003\0000\000:\000\040\000P\000o\000l\000y\000n\000o\000m\000i\000a\000l\000\040\000D\000i\000v\000i\000s\000i\000o\000n}{section.3}% 53
\BOOKMARK [2][-]{subsection.3.14}{\376\377\000T\000e\000c\000h\000n\000i\000q\000u\000e\000\040\0003\0001\000:\000\040\000S\000t\000e\000w\000a\000r\000t\000'\000s\000\040\000T\000h\000e\000o\000r\000e\000m}{section.3}% 54
\BOOKMARK [2][-]{subsection.3.15}{\376\377\000T\000e\000c\000h\000n\000i\000q\000u\000e\000\040\0003\0002\000:\000\040\000F\000l\000o\000o\000r\000\040\000a\000n\000d\000\040\000C\000e\000i\000l\000i\000n\000g\000\040\000F\000u\000n\000c\000t\000i\000o\000n\000s}{section.3}% 55
\BOOKMARK [2][-]{subsection.3.16}{\376\377\000T\000e\000c\000h\000n\000i\000q\000u\000e\000\040\0003\0003\000:\000\040\000R\000a\000t\000i\000o\000n\000a\000l\000\040\000R\000o\000o\000t\000\040\000T\000h\000e\000o\000r\000e\000m}{section.3}% 56
\BOOKMARK [2][-]{subsection.3.17}{\376\377\000T\000e\000c\000h\000n\000i\000q\000u\000e\000\040\0003\0004\000:\000\040\000J\000e\000n\000s\000e\000n\000'\000s\000\040\000I\000n\000e\000q\000u\000a\000l\000i\000t\000y}{section.3}% 57
\BOOKMARK [2][-]{subsection.3.18}{\376\377\000T\000e\000c\000h\000n\000i\000q\000u\000e\000\040\0003\0005\000:\000\040\000M\000a\000s\000s\000\040\000P\000o\000i\000n\000t\000s}{section.3}% 58
\BOOKMARK [2][-]{subsection.3.19}{\376\377\000T\000e\000c\000h\000n\000i\000q\000u\000e\000\040\0003\0006\000:\000\040\000C\000e\000v\000a\000'\000s\000\040\000T\000h\000e\000o\000r\000e\000m}{section.3}% 59
\BOOKMARK [2][-]{subsection.3.20}{\376\377\000T\000e\000c\000h\000n\000i\000q\000u\000e\000\040\0003\0007\000:\000\040\000M\000e\000n\000e\000l\000a\000u\000s\000'\000s\000\040\000T\000h\000e\000o\000r\000e\000m}{section.3}% 60
\BOOKMARK [2][-]{subsection.3.21}{\376\377\000T\000e\000c\000h\000n\000i\000q\000u\000e\000\040\0003\0008\000:\000\040\000C\000h\000i\000n\000e\000s\000e\000\040\000R\000e\000m\000a\000i\000n\000d\000e\000r\000\040\000T\000h\000e\000o\000r\000e\000m}{section.3}% 61
\BOOKMARK [2][-]{subsection.3.22}{\376\377\000T\000e\000c\000h\000n\000i\000q\000u\000e\000\040\0003\0009\000:\000\040\000G\000r\000a\000p\000h\000\040\000M\000o\000d\000e\000l\000i\000n\000g\000\040\000\050\000G\000r\000a\000p\000h\000\040\000T\000h\000e\000o\000r\000y\000\040\000C\000o\000n\000v\000e\000r\000s\000i\000o\000n\000\051}{section.3}% 62
\BOOKMARK [2][-]{subsection.3.23}{\376\377\000T\000e\000c\000h\000n\000i\000q\000u\000e\000\040\0004\0000\000:\000\040\000S\000y\000n\000t\000h\000e\000t\000i\000c\000\040\000D\000i\000v\000i\000s\000i\000o\000n}{section.3}% 63
\BOOKMARK [2][-]{subsection.3.24}{\376\377\000T\000e\000c\000h\000n\000i\000q\000u\000e\000\040\0004\0001\000:\000\040\000F\000u\000n\000c\000t\000i\000o\000n\000a\000l\000\040\000E\000q\000u\000a\000t\000i\000o\000n\000s}{section.3}% 64
\BOOKMARK [2][-]{subsection.3.25}{\376\377\000T\000e\000c\000h\000n\000i\000q\000u\000e\000\040\000M\0001\0000\000:\000\040\000T\000r\000i\000a\000n\000g\000l\000e\000/\000Q\000u\000a\000d\000r\000i\000l\000a\000t\000e\000r\000a\000l\000\040\000A\000r\000e\000a\000\040\000T\000o\000o\000l\000k\000i\000t}{section.3}% 65
\BOOKMARK [2][-]{subsection.3.26}{\376\377\000T\000e\000c\000h\000n\000i\000q\000u\000e\000\040\000M\0001\0005\000:\000\040\000E\000u\000l\000e\000r\000'\000s\000\040\000P\000o\000l\000y\000h\000e\000d\000r\000a\000l\000\040\000F\000o\000r\000m\000u\000l\000a}{section.3}% 66
\BOOKMARK [2][-]{subsection.3.27}{\376\377\000T\000e\000c\000h\000n\000i\000q\000u\000e\000\040\000M\0001\0006\000:\000\040\000D\000e\000s\000c\000a\000r\000t\000e\000s\000\040\000C\000i\000r\000c\000l\000e\000\040\000T\000h\000e\000o\000r\000e\000m}{section.3}% 67
\BOOKMARK [2][-]{subsection.3.28}{\376\377\000T\000e\000c\000h\000n\000i\000q\000u\000e\000\040\000M\0001\0007\000:\000\040\000C\000o\000n\000j\000u\000g\000a\000t\000e\000\040\000R\000o\000o\000t\000\040\000T\000h\000e\000o\000r\000e\000m}{section.3}% 68
\BOOKMARK [2][-]{subsection.3.29}{\376\377\000T\000e\000c\000h\000n\000i\000q\000u\000e\000\040\000M\0001\0008\000:\000\040\000S\000o\000p\000h\000i\000e\000'\000s\000\040\000G\000e\000r\000m\000a\000i\000n\000\040\000I\000d\000e\000n\000t\000i\000t\000y}{section.3}% 69
\BOOKMARK [2][-]{subsection.3.30}{\376\377\000T\000e\000c\000h\000n\000i\000q\000u\000e\000\040\000M\0001\0009\000:\000\040\000W\000i\000l\000s\000o\000n\000'\000s\000\040\000T\000h\000e\000o\000r\000e\000m}{section.3}% 70
\BOOKMARK [2][-]{subsection.3.31}{\376\377\000T\000e\000c\000h\000n\000i\000q\000u\000e\000\040\000M\0002\0000\000:\000\040\000L\000e\000g\000e\000n\000d\000r\000e\000'\000s\000\040\000F\000o\000r\000m\000u\000l\000a\000\040\000\050\000p\000-\000a\000d\000i\000c\000\040\000v\000a\000l\000u\000a\000t\000i\000o\000n\000\040\000o\000f\000\040\000n\000!\000\051}{section.3}% 71
\BOOKMARK [2][-]{subsection.3.32}{\376\377\000T\000e\000c\000h\000n\000i\000q\000u\000e\000\040\000M\0002\0001\000:\000\040\000D\000i\000v\000i\000s\000o\000r\000\040\000F\000u\000n\000c\000t\000i\000o\000n\000s\000\040\000t\000a\000u\000\050\000n\000\051\000\040\000a\000n\000d\000\040\000s\000i\000g\000m\000a\000\050\000n\000\051}{section.3}% 72
\BOOKMARK [2][-]{subsection.3.33}{\376\377\000T\000e\000c\000h\000n\000i\000q\000u\000e\000\040\000M\0002\0002\000:\000\040\000B\000i\000n\000o\000m\000i\000a\000l\000\040\000T\000h\000e\000o\000r\000e\000m\000\040\000a\000n\000d\000\040\000P\000a\000s\000c\000a\000l\000\040\000I\000d\000e\000n\000t\000i\000t\000i\000e\000s}{section.3}% 73
\BOOKMARK [2][-]{subsection.3.34}{\376\377\000T\000e\000c\000h\000n\000i\000q\000u\000e\000\040\000M\0002\0003\000:\000\040\000R\000a\000t\000e\000s\000\040\000a\000n\000d\000\040\000W\000o\000r\000k\000\040\000T\000e\000m\000p\000l\000a\000t\000e\000s}{section.3}% 74
\BOOKMARK [2][-]{subsection.3.35}{\376\377\000T\000e\000c\000h\000n\000i\000q\000u\000e\000\040\000M\0002\0004\000:\000\040\000D\000e\000g\000e\000n\000e\000r\000a\000t\000e\000\040\000T\000r\000i\000a\000n\000g\000l\000e\000s\000\040\000\050\000T\000r\000i\000a\000n\000g\000l\000e\000\040\000I\000n\000e\000q\000u\000a\000l\000i\000t\000y\000\040\000B\000o\000u\000n\000d\000a\000r\000y\000\051}{section.3}% 75
\BOOKMARK [2][-]{subsection.3.36}{\376\377\000T\000e\000c\000h\000n\000i\000q\000u\000e\000\040\000M\0002\0005\000:\000\040\000F\000r\000a\000n\000c\000e\000s\000c\000a\000\040\000V\000o\000l\000u\000m\000e\000\040\000\050\000P\000i\000e\000r\000o\000\040\000d\000e\000l\000l\000a\000\040\000F\000r\000a\000n\000c\000e\000s\000c\000a\000'\000s\000\040\000T\000e\000t\000r\000a\000h\000e\000d\000r\000o\000n\000\040\000F\000o\000r\000m\000u\000l\000a\000\051}{section.3}% 76
\BOOKMARK [2][-]{subsection.3.37}{\376\377\000T\000e\000c\000h\000n\000i\000q\000u\000e\000\040\000M\0002\0006\000:\000\040\000F\000i\000r\000s\000t\000\040\000P\000a\000s\000s\000a\000g\000e\000\040\000T\000i\000m\000e}{section.3}% 77
\BOOKMARK [2][-]{subsection.3.38}{\376\377\000T\000e\000c\000h\000n\000i\000q\000u\000e\000\040\000M\0002\0008\000:\000\040\000C\000o\000n\000s\000e\000c\000u\000t\000i\000v\000e\000\040\000I\000n\000t\000e\000g\000e\000r\000\040\000D\000e\000c\000o\000m\000p\000o\000s\000i\000t\000i\000o\000n}{section.3}% 78
\BOOKMARK [2][-]{subsection.3.39}{\376\377\000T\000e\000c\000h\000n\000i\000q\000u\000e\000\040\000M\0002\0009\000:\000\040\000T\000r\000i\000g\000o\000n\000o\000m\000e\000t\000r\000i\000c\000\040\000M\000o\000n\000o\000t\000o\000n\000e\000\040\000S\000c\000a\000n\000n\000i\000n\000g}{section.3}% 79
\BOOKMARK [2][-]{subsection.3.40}{\376\377\000T\000e\000c\000h\000n\000i\000q\000u\000e\000\040\000M\0003\0000\000:\000\040\000S\000i\000m\000i\000l\000a\000r\000i\000t\000y\000\040\000R\000a\000t\000i\000o\000\040\000S\000c\000a\000l\000i\000n\000g}{section.3}% 80
\BOOKMARK [2][-]{subsection.3.41}{\376\377\000T\000e\000c\000h\000n\000i\000q\000u\000e\000\040\000M\0003\0001\000:\000\040\000V\000o\000l\000u\000m\000e\000\040\000D\000e\000c\000o\000m\000p\000o\000s\000i\000t\000i\000o\000n}{section.3}% 81
\BOOKMARK [2][-]{subsection.3.42}{\376\377\000T\000e\000c\000h\000n\000i\000q\000u\000e\000\040\000M\0003\0002\000:\000\040\000M\000e\000d\000i\000a\000n\000t\000B\000o\000u\000n\000d\000\040\000\050\000F\000a\000r\000e\000y\000\040\000S\000e\000q\000u\000e\000n\000c\000e\000\040\000B\000o\000u\000n\000d\000s\000\051}{section.3}% 82
\BOOKMARK [2][-]{subsection.3.43}{\376\377\000T\000e\000c\000h\000n\000i\000q\000u\000e\000\040\000M\0003\0003\000:\000\040\000G\000C\000D\000-\000L\000C\000M\000\040\000B\000o\000u\000n\000d\000s}{section.3}% 83
\BOOKMARK [2][-]{subsection.3.44}{\376\377\000T\000e\000c\000h\000n\000i\000q\000u\000e\000\040\000M\0003\0004\000:\000\040\000C\000o\000f\000u\000n\000c\000t\000i\000o\000n\000\040\000S\000o\000l\000v\000i\000n\000g}{section.3}% 84
\BOOKMARK [2][-]{subsection.3.45}{\376\377\000T\000e\000c\000h\000n\000i\000q\000u\000e\000\040\000M\0003\0005\000:\000\040\000C\000o\000n\000s\000t\000r\000u\000c\000t\000i\000v\000e\000\040\000P\000o\000l\000y\000n\000o\000m\000i\000a\000l\000\040\000E\000x\000a\000m\000p\000l\000e}{section.3}% 85
\BOOKMARK [2][-]{subsection.3.46}{\376\377\000T\000e\000c\000h\000n\000i\000q\000u\000e\000\040\000M\0003\0006\000:\000\040\000L\000e\000g\000e\000n\000d\000r\000e\000\040\000S\000y\000m\000b\000o\000l\000\040\000a\000n\000d\000\040\000Q\000u\000a\000d\000r\000a\000t\000i\000c\000\040\000R\000e\000c\000i\000p\000r\000o\000c\000i\000t\000y}{section.3}% 86
\BOOKMARK [2][-]{subsection.3.47}{\376\377\000T\000e\000c\000h\000n\000i\000q\000u\000e\000\040\000M\0003\0007\000:\000\040\000C\000o\000n\000s\000t\000r\000u\000c\000t\000i\000v\000e\000\040\000P\000o\000l\000y\000n\000o\000m\000i\000a\000l\000\040\000E\000x\000a\000m\000p\000l\000e}{section.3}% 87
\BOOKMARK [2][-]{subsection.3.48}{\376\377\000T\000e\000c\000h\000n\000i\000q\000u\000e\000\040\000M\0003\0008\000:\000\040\000P\000e\000l\000l\000\040\000E\000q\000u\000a\000t\000i\000o\000n}{section.3}% 88
\BOOKMARK [2][-]{subsection.3.49}{\376\377\000T\000e\000c\000h\000n\000i\000q\000u\000e\000\040\000M\0004\0002\000:\000\040\000F\000o\000c\000u\000s\000-\000D\000i\000r\000e\000c\000t\000r\000i\000x\000\040\000P\000r\000o\000j\000e\000c\000t\000i\000o\000n\000s}{section.3}% 89
\BOOKMARK [2][-]{subsection.3.50}{\376\377\000T\000e\000c\000h\000n\000i\000q\000u\000e\000\040\000M\0004\0003\000:\000\040\000C\000u\000r\000v\000a\000t\000u\000r\000e\000\040\000a\000n\000d\000\040\000T\000a\000n\000g\000e\000n\000c\000y\000\040\000A\000n\000a\000l\000y\000s\000i\000s}{section.3}% 90
